<?xml version="1.0" encoding="UTF-8"?>
<!-- Generated by org.testng.reporters.JUnitReportReporter -->
<testsuite hostname="DESKTOP-N60QB27" failures="0" tests="3" name="tests.TC3" time="0.019" errors="0" timestamp="2022-12-12T22:25:47 IST" skipped="0">
  <testcase classname="tests.TC3" name="tc2" time="0.001"/>
  <testcase classname="tests.TC3" name="tc1" time="0.016"/>
  <testcase classname="tests.TC3" name="tc3" time="0.002"/>
</testsuite> <!-- tests.TC3 -->
