<?xml version="1.0" encoding="UTF-8"?>
<!-- Generated by org.testng.reporters.JUnitReportReporter -->
<testsuite hostname="DESKTOP-N60QB27" failures="0" tests="1" name="tests.Tc2" time="0.032" errors="0" timestamp="2022-12-12T22:23:47 IST" skipped="0">
  <testcase classname="tests.Tc2" name="name" time="0.032"/>
</testsuite> <!-- tests.Tc2 -->
