<?xml version="1.0" encoding="UTF-8"?>
<!-- Generated by org.testng.reporters.JUnitReportReporter -->
<testsuite hostname="DESKTOP-N60QB27" failures="0" tests="2" name="tests.TC4" time="0.030" errors="0" timestamp="2022-12-12T22:28:48 IST" skipped="0">
  <testcase classname="tests.TC4" name="t1" time="0.025"/>
  <testcase classname="tests.TC4" name="t2" time="0.005"/>
</testsuite> <!-- tests.TC4 -->
